<?xml version="1.0" encoding="UTF-8"?>
<testng-results skipped="0" failed="0" ignored="0" total="2" passed="2">
  <reporter-output>
  </reporter-output>
  <suite name="Default suite" duration-ms="1457" started-at="2018-12-10T03:18:32Z" finished-at="2018-12-10T03:18:33Z">
    <groups>
    </groups>
    <test name="Default test" duration-ms="1457" started-at="2018-12-10T03:18:32Z" finished-at="2018-12-10T03:18:33Z">
      <class name="com.qa.tests.GetAPITest">
        <test-method status="PASS" signature="setUp()[pri:0, instance:com.qa.tests.GetAPITest@2a5ca609]" name="setUp" is-config="true" duration-ms="7" started-at="2018-12-10T03:18:32Z" finished-at="2018-12-10T03:18:32Z">
          <reporter-output>
          </reporter-output>
        </test-method> <!-- setUp -->
        <test-method status="PASS" signature="getAPITestWithoutHeaders()[pri:1, instance:com.qa.tests.GetAPITest@2a5ca609]" name="getAPITestWithoutHeaders" duration-ms="1057" started-at="2018-12-10T03:18:32Z" finished-at="2018-12-10T03:18:33Z">
          <reporter-output>
          </reporter-output>
        </test-method> <!-- getAPITestWithoutHeaders -->
        <test-method status="PASS" signature="setUp()[pri:0, instance:com.qa.tests.GetAPITest@2a5ca609]" name="setUp" is-config="true" duration-ms="1" started-at="2018-12-10T03:18:33Z" finished-at="2018-12-10T03:18:33Z">
          <reporter-output>
          </reporter-output>
        </test-method> <!-- setUp -->
        <test-method status="PASS" signature="getAPITestWithHeaders()[pri:2, instance:com.qa.tests.GetAPITest@2a5ca609]" name="getAPITestWithHeaders" duration-ms="362" started-at="2018-12-10T03:18:33Z" finished-at="2018-12-10T03:18:33Z">
          <reporter-output>
          </reporter-output>
        </test-method> <!-- getAPITestWithHeaders -->
      </class> <!-- com.qa.tests.GetAPITest -->
    </test> <!-- Default test -->
  </suite> <!-- Default suite -->
</testng-results>
